{"meta": {"format": 3, "version": "7.13.2", "timestamp": "2026-01-30T14:24:19.733564", "branch_coverage": false, "show_contexts": false}, "files": {"todo.py": {"executed_lines": [7, 8, 9, 10, 12, 13, 14, 15, 17, 19, 22, 24, 25, 26, 27, 30, 32, 33, 36, 37, 39, 42, 43, 44, 45, 47, 48, 55, 56, 57, 60, 61, 63, 65, 66, 67, 69, 70, 71, 72, 73, 74, 76, 77, 83, 84, 86, 94, 97, 98, 99, 101, 103, 104, 105, 106, 107, 108, 113, 114, 115, 117, 119, 120, 121, 122, 123, 124, 129, 130, 132, 133, 134, 135, 137, 139, 140, 145, 146, 148, 150, 154, 155, 156, 158, 160, 167, 168, 171], "summary": {"covered_lines": 89, "num_statements": 95, "percent_covered": 93.6842105263158, "percent_covered_display": "93.68", "missing_lines": 6, "excluded_lines": 0, "percent_statements_covered": 93.6842105263158, "percent_statements_covered_display": "93.68"}, "missing_lines": [110, 126, 142, 151, 152, 172], "excluded_lines": [], "functions": {"load_todos": {"executed_lines": [24, 25, 26, 27], "summary": {"covered_lines": 4, "num_statements": 4, "percent_covered": 100.0, "percent_covered_display": "100.00", "missing_lines": 0, "excluded_lines": 0, "percent_statements_covered": 100.0, "percent_statements_covered_display": "100.00"}, "missing_lines": [], "excluded_lines": [], "start_line": 22}, "save_todos": {"executed_lines": [32, 33], "summary": {"covered_lines": 2, "num_statements": 2, "percent_covered": 100.0, "percent_covered_display": "100.00", "missing_lines": 0, "excluded_lines": 0, "percent_statements_covered": 100.0, "percent_statements_covered_display": "100.00"}, "missing_lines": [], "excluded_lines": [], "start_line": 30}, "cli": {"executed_lines": [39], "summary": {"covered_lines": 1, "num_statements": 1, "percent_covered": 100.0, "percent_covered_display": "100.00", "missing_lines": 0, "excluded_lines": 0, "percent_statements_covered": 100.0, "percent_statements_covered_display": "100.00"}, "missing_lines": [], "excluded_lines": [], "start_line": 37}, "add": {"executed_lines": [47, 48, 55, 56, 57], "summary": {"covered_lines": 5, "num_statements": 5, "percent_covered": 100.0, "percent_covered_display": "100.00", "missing_lines": 0, "excluded_lines": 0, "percent_statements_covered": 100.0, "percent_statements_covered_display": "100.00"}, "missing_lines": [], "excluded_lines": [], "start_line": 45}, "list": {"executed_lines": [63, 65, 66, 67, 69, 70, 71, 72, 73, 74, 76, 77, 83, 84, 86, 94], "summary": {"covered_lines": 16, "num_statements": 16, "percent_covered": 100.0, "percent_covered_display": "100.00", "missing_lines": 0, "excluded_lines": 0, "percent_statements_covered": 100.0, "percent_statements_covered_display": "100.00"}, "missing_lines": [], "excluded_lines": [], "start_line": 61}, "complete": {"executed_lines": [101, 103, 104, 105, 106, 107, 108], "summary": {"covered_lines": 7, "num_statements": 8, "percent_covered": 87.5, "percent_covered_display": "87.50", "missing_lines": 1, "excluded_lines": 0, "percent_statements_covered": 87.5, "percent_statements_covered_display": "87.50"}, "missing_lines": [110], "excluded_lines": [], "start_line": 99}, "delete": {"executed_lines": [117, 119, 120, 121, 122, 123, 124], "summary": {"covered_lines": 7, "num_statements": 8, "percent_covered": 87.5, "percent_covered_display": "87.50", "missing_lines": 1, "excluded_lines": 0, "percent_statements_covered": 87.5, "percent_statements_covered_display": "87.50"}, "missing_lines": [126], "excluded_lines": [], "start_line": 115}, "clear": {"executed_lines": [132, 133, 134, 135, 137, 139, 140], "summary": {"covered_lines": 7, "num_statements": 8, "percent_covered": 87.5, "percent_covered_display": "87.50", "missing_lines": 1, "excluded_lines": 0, "percent_statements_covered": 87.5, "percent_statements_covered_display": "87.50"}, "missing_lines": [142], "excluded_lines": [], "start_line": 130}, "stats": {"executed_lines": [148, 150, 154, 155, 156, 158, 160, 167, 168], "summary": {"covered_lines": 9, "num_statements": 11, "percent_covered": 81.81818181818181, "percent_covered_display": "81.82", "missing_lines": 2, "excluded_lines": 0, "percent_statements_covered": 81.81818181818181, "percent_statements_covered_display": "81.82"}, "missing_lines": [151, 152], "excluded_lines": [], "start_line": 146}, "": {"executed_lines": [7, 8, 9, 10, 12, 13, 14, 15, 17, 19, 22, 30, 36, 37, 42, 43, 44, 45, 60, 61, 97, 98, 99, 113, 114, 115, 129, 130, 145, 146, 171], "summary": {"covered_lines": 31, "num_statements": 32, "percent_covered": 96.875, "percent_covered_display": "96.88", "missing_lines": 1, "excluded_lines": 0, "percent_statements_covered": 96.875, "percent_statements_covered_display": "96.88"}, "missing_lines": [172], "excluded_lines": [], "start_line": 1}}, "classes": {"": {"executed_lines": [7, 8, 9, 10, 12, 13, 14, 15, 17, 19, 22, 24, 25, 26, 27, 30, 32, 33, 36, 37, 39, 42, 43, 44, 45, 47, 48, 55, 56, 57, 60, 61, 63, 65, 66, 67, 69, 70, 71, 72, 73, 74, 76, 77, 83, 84, 86, 94, 97, 98, 99, 101, 103, 104, 105, 106, 107, 108, 113, 114, 115, 117, 119, 120, 121, 122, 123, 124, 129, 130, 132, 133, 134, 135, 137, 139, 140, 145, 146, 148, 150, 154, 155, 156, 158, 160, 167, 168, 171], "summary": {"covered_lines": 89, "num_statements": 95, "percent_covered": 93.6842105263158, "percent_covered_display": "93.68", "missing_lines": 6, "excluded_lines": 0, "percent_statements_covered": 93.6842105263158, "percent_statements_covered_display": "93.68"}, "missing_lines": [110, 126, 142, 151, 152, 172], "excluded_lines": [], "start_line": 1}}}}, "totals": {"covered_lines": 89, "num_statements": 95, "percent_covered": 93.6842105263158, "percent_covered_display": "93.68", "missing_lines": 6, "excluded_lines": 0, "percent_statements_covered": 93.6842105263158, "percent_statements_covered_display": "93.68"}}